<?xml version="1.0" encoding="UTF-8"?>
<!-- Generated by org.testng.reporters.JUnitReportReporter -->
<testsuite hostname="DESKTOP-G85E52B" failures="0" tests="1" name="com.task2.RestAssuredTest2" time="2.822" errors="0" timestamp="2024-07-17T18:25:16 IST" skipped="0">
  <testcase classname="com.task2.RestAssuredTest2" name="testCreatePost" time="2.822"/>
</testsuite> <!-- com.task2.RestAssuredTest2 -->
