<?xml version="1.0" encoding="UTF-8"?>
<!-- Generated by org.testng.reporters.JUnitReportReporter -->
<testsuite hostname="DESKTOP-G85E52B" failures="0" tests="1" name="com.task2.RestAssuredTest1" time="2.207" errors="0" timestamp="2024-07-17T18:10:04 IST" skipped="0">
  <testcase classname="com.task2.RestAssuredTest1" name="testGetPostById" time="2.207"/>
</testsuite> <!-- com.task2.RestAssuredTest1 -->
