<?xml version="1.0" encoding="UTF-8"?>
<!-- Generated by org.testng.reporters.JUnitReportReporter -->
<testsuite hostname="DESKTOP-G85E52B" failures="0" tests="1" name="com.test.TestRunner" time="6.077" errors="0" timestamp="2024-07-16T20:31:55 IST" skipped="0">
  <testcase classname="com.test.TestRunner" name="testLogin" time="6.077"/>
</testsuite> <!-- com.test.TestRunner -->
